[   64434ms] [WARNING] The width(-1) and height(-1) of chart should be greater than 0,
       please check the style of container, or the props width(100%) and height(100%),
       or add a minWidth(0) or minHeight(undefined) or use aspect(undefined) to control the
       height and width. @ webpack-internal:///(app-pages-browser)/./node_modules/.pnpm/recharts@3.8.0_@types+react@18.3.23_react-dom@18.3.1_react@18.3.1__react-is@17.0.2_react@18.3.1_redux@5.0.1/node_modules/recharts/es6/util/LogUtils.js:18
[   64434ms] [WARNING] The width(-1) and height(-1) of chart should be greater than 0,
       please check the style of container, or the props width(100%) and height(100%),
       or add a minWidth(0) or minHeight(undefined) or use aspect(undefined) to control the
       height and width. @ webpack-internal:///(app-pages-browser)/./node_modules/.pnpm/recharts@3.8.0_@types+react@18.3.23_react-dom@18.3.1_react@18.3.1__react-is@17.0.2_react@18.3.1_redux@5.0.1/node_modules/recharts/es6/util/LogUtils.js:18
[  144889ms] [WARNING] The width(-1) and height(-1) of chart should be greater than 0,
       please check the style of container, or the props width(100%) and height(100%),
       or add a minWidth(0) or minHeight(undefined) or use aspect(undefined) to control the
       height and width. @ webpack-internal:///(app-pages-browser)/./node_modules/.pnpm/recharts@3.8.0_@types+react@18.3.23_react-dom@18.3.1_react@18.3.1__react-is@17.0.2_react@18.3.1_redux@5.0.1/node_modules/recharts/es6/util/LogUtils.js:18
[  144889ms] [WARNING] The width(-1) and height(-1) of chart should be greater than 0,
       please check the style of container, or the props width(100%) and height(100%),
       or add a minWidth(0) or minHeight(undefined) or use aspect(undefined) to control the
       height and width. @ webpack-internal:///(app-pages-browser)/./node_modules/.pnpm/recharts@3.8.0_@types+react@18.3.23_react-dom@18.3.1_react@18.3.1__react-is@17.0.2_react@18.3.1_redux@5.0.1/node_modules/recharts/es6/util/LogUtils.js:18
[  623606ms] [ERROR] Failed to load resource: the server responded with a status of 500 (Internal Server Error) @ http://localhost:3001/calendar?_rsc=13x4n:0
[  623627ms] [ERROR] Failed to load resource: the server responded with a status of 500 (Internal Server Error) @ http://localhost:3001/calendar?_rsc=13x4n:0
[  623643ms] [ERROR] Failed to load resource: the server responded with a status of 500 (Internal Server Error) @ http://localhost:3001/calendar?_rsc=13x4n:0
[  623759ms] [ERROR] Module not found: Error: Can't resolve 'next-flight-client-entry-loader' in '/Users/amir/dev/nodejs/doable-dev-51' @ webpack-internal:///(app-pages-browser)/./node_modules/.pnpm/next@14.2.16_@babel+core@7.29.0_react-dom@18.3.1_react@18.3.1__react@18.3.1/node_modules/next/dist/client/app-index.js:32
[  623760ms] [ERROR] Module not found: Error: Can't resolve './node_modules/.pnpm/next@14.2.16_@babel+core@7.29.0_react-dom@18.3.1_react@18.3.1__react@18.3.1/node_modules/next/dist/client/app-next-dev.js' in '/Users/amir/dev/nodejs/doable-dev-51' @ webpack-internal:///(app-pages-browser)/./node_modules/.pnpm/next@14.2.16_@babel+core@7.29.0_react-dom@18.3.1_react@18.3.1__react@18.3.1/node_modules/next/dist/client/app-index.js:32
[  623760ms] [ERROR] Module not found: Error: Can't resolve '/Users/amir/dev/nodejs/doable-dev-51/node_modules/.pnpm/next@14.2.16_@babel+core@7.29.0_react-dom@18.3.1_react@18.3.1__react@18.3.1/node_modules/next/dist/compiled/@next/react-refresh-utils/dist/runtime.js' in '/Users/amir/dev/nodejs/doable-dev-51' @ webpack-internal:///(app-pages-browser)/./node_modules/.pnpm/next@14.2.16_@babel+core@7.29.0_react-dom@18.3.1_react@18.3.1__react@18.3.1/node_modules/next/dist/client/app-index.js:32
[  624278ms] [ERROR] Failed to load resource: the server responded with a status of 500 (Internal Server Error) @ http://localhost:3001/calendar:0
[  624616ms] [ERROR] Failed to load resource: the server responded with a status of 404 (Not Found) @ http://localhost:3001/favicon.ico:0
